<?xml version="1.0" encoding="UTF-8"?>
<testsuite xmlns:xsi="http://www.w3.org/2001/XMLSchema-instance" xsi:noNamespaceSchemaLocation="https://maven.apache.org/surefire/maven-surefire-plugin/xsd/surefire-test-report.xsd" name="com.capstonelegal.judge.model.CityTest" time="0.068" tests="2" errors="0" skipped="0" failures="0">
  <properties>
[...]
</properties>
  <testcase name="testGettersAndSetters" classname="com.capstonelegal.judge.model.CityTest" time="0.016"/>
  <testcase name="testToJSON" classname="com.capstonelegal.judge.model.CityTest" time="0.046"/>
</testsuite>